<?xml version="1.0" ?><testsuite name="com.d23alex.lab311.JSONTanslationTest" time="0.044" timestamp="2023-05-17T07:16:07" tests="1" failures="0" skipped="0" aborted="0"><properties><property name="ant.library.dir" value="/usr/share/ant/lib"></property><property name="ant.file.type" value="file"></property><property name="java.specification.version" value="19"></property><property name="scp.port" value="2222"></property><property name="sun.jnu.encoding" value="UTF-8"></property><property name="java.class.path" value="/usr/share/ant/lib/ant-launcher.jar:/usr/share/java/junit.jar:/usr/share/java/hamcrest-core.jar:/usr/share/ant/lib/ant-jmf.jar:/usr/share/ant/lib/ant-commons-net.jar:/usr/share/ant/lib/ant-swing.jar:/usr/share/ant/lib/ant-imageio.jar:/usr/share/ant/lib/ant-junit.jar:/usr/share/ant/lib/ant-jsch.jar:/usr/share/ant/lib/junit-4.13.2.jar:/usr/share/ant/lib/ant-apache-bcel.jar:/usr/share/ant/lib/ant-apache-log4j.jar:/usr/share/ant/lib/ant-javamail.jar:/usr/share/ant/lib/ant-junitlauncher.jar:/usr/share/ant/lib/ant-junit4.jar:/usr/share/ant/lib/ant-antlr.jar:/usr/share/ant/lib/ant-apache-oro.jar:/usr/share/ant/lib/ant-jdepend.jar:/usr/share/ant/lib/ant-apache-xalan2.jar:/usr/share/ant/lib/ant.jar:/usr/share/ant/lib/ant-apache-regexp.jar:/usr/share/ant/lib/ant-commons-logging.jar:/usr/share/ant/lib/ant-launcher.jar:/usr/share/ant/lib/ant-apache-resolver.jar:/usr/share/ant/lib/ant-jai.jar:/usr/share/ant/lib/ant-testutil.jar:/usr/share/ant/lib/ant-apache-bsf.jar:/usr/share/ant/lib/jsch-0.1.55.jar:/usr/share/ant/lib/ant-netrexx.jar:/usr/share/ant/lib/ant-xz.jar"></property><property name="java.vm.vendor" value="Oracle Corporation"></property><property name="scp.hostname" value="se.ifmo.ru"></property><property name="sun.arch.data.model" value="64"></property><property name="src.test.dir" value="src/test/java"></property><property name="build.classes" value="build/classes"></property><property name="java.vendor.url" value="https://openjdk.java.net/"></property><property name="java.vm.specification.version" value="19"></property><property name="os.name" value="Linux"></property><property name="sun.java.launcher" value="SUN_STANDARD"></property><property name="user.country" value="US"></property><property name="sun.boot.library.path" value="/usr/lib/jvm/java-19-openjdk/lib"></property><property name="sun.java.command" value="org.apache.tools.ant.launch.Launcher -cp  report"></property><property name="scp.dir" value="s336541@se.ifmo.ru:/home/studs/s336541/tmp"></property><property name="jdk.debug" value="release"></property><property name="sun.cpu.endian" value="little"></property><property name="test.dir" value="test"></property><property name="user.home" value="/home/aleksei"></property><property name="user.language" value="en"></property><property name="java.specification.vendor" value="Oracle Corporation"></property><property name="java.version.date" value="2023-01-17"></property><property name="java.home" value="/usr/lib/jvm/java-19-openjdk"></property><property name="basedir" value="/home/aleksei/NetBeansProjects/web-lab-3-2"></property><property name="file.separator" value="/"></property><property name="java.vm.compressedOopsMode" value="Zero based"></property><property name="scp.username" value="s336541"></property><property name="ant.auto.tmpdir" value="/tmp/ant17916871387389873641"></property><property name="line.separator" value="
"></property><property name="ant.java.version" value="19"></property><property name="java.specification.name" value="Java Platform API Specification"></property><property name="java.vm.specification.vendor" value="Oracle Corporation"></property><property name="lib.main.dir" value="lib/main"></property><property name="name" value="AntBuildJar"></property><property name="scp.path" value="/home/studs/s336541/tmp"></property><property name="test.report.dir" value="test/reports"></property><property name="sun.management.compiler" value="HotSpot 64-Bit Tiered Compilers"></property><property name="jarfile" value="build/AntBuildJar.jar"></property><property name="lib.test.dir" value="lib/test"></property><property name="java.runtime.version" value="19.0.2+7"></property><property name="user.name" value="aleksei"></property><property name="ant.file" value="/home/aleksei/NetBeansProjects/web-lab-3-2/build.xml"></property><property name="stdout.encoding" value="UTF-8"></property><property name="path.separator" value=":"></property><property name="os.version" value="6.1.12-arch1-1"></property><property name="java.runtime.name" value="OpenJDK Runtime Environment"></property><property name="git" value="git"></property><property name="file.encoding" value="UTF-8"></property><property name="ant.project.invoked-targets" value="report"></property><property name="java.vm.name" value="OpenJDK 64-Bit Server VM"></property><property name="ant.core.lib" value="/usr/share/ant/lib/ant.jar"></property><property name="java.vendor.url.bug" value="https://bugreport.java.com/bugreport/"></property><property name="java.io.tmpdir" value="/tmp"></property><property name="java.version" value="19.0.2"></property><property name="user.dir" value="/home/aleksei/NetBeansProjects/web-lab-3-2"></property><property name="os.arch" value="amd64"></property><property name="java.vm.specification.name" value="Java Virtual Machine Specification"></property><property name="ant.home" value="/usr/share/ant"></property><property name="lib.dir" value="lib"></property><property name="native.encoding" value="UTF-8"></property><property name="ant.version" value="Apache Ant(TM) version 1.10.12 compiled on December 12 1969"></property><property name="java.library.path" value="/usr/java/packages/lib:/usr/lib64:/lib64:/lib:/usr/lib"></property><property name="java.vm.info" value="mixed mode"></property><property name="java.vendor" value="N/A"></property><property name="stderr.encoding" value="UTF-8"></property><property name="build" value="build"></property><property name="java.vm.version" value="19.0.2+7"></property><property name="sun.io.unicode.encoding" value="UnicodeLittle"></property><property name="java.class.version" value="63.0"></property><property name="test.report.html.dir" value="test/report/html"></property><property name="src.dir" value="src"></property><property name="ant.project.default-target" value="build"></property></properties><testcase classname="com.d23alex.lab311.JSONTanslationTest" name="areaCheckTranslatesToJSON()" time="0.041"></testcase></testsuite>